0 info it worked if it ends with ok
1 verbose cli [ '/usr/bin/node', '/usr/bin/npm', 'run', 'lint' ]
2 info using npm@3.7.1
3 info using node@v5.6.0
4 verbose run-script [ 'prelint', 'lint', 'postlint' ]
5 info lifecycle sia-react@0.0.1~prelint: sia-react@0.0.1
6 silly lifecycle sia-react@0.0.1~prelint: no script for prelint, continuing
7 info lifecycle sia-react@0.0.1~lint: sia-react@0.0.1
8 verbose lifecycle sia-react@0.0.1~lint: unsafe-perm in lifecycle true
9 verbose lifecycle sia-react@0.0.1~lint: PATH: /usr/lib/node_modules/npm/bin/node-gyp-bin:/mnt/SSD0/Projects/sia-react/node_modules/.bin:/usr/bin:/usr/local/sbin:/usr/local/bin:/usr/bin:/usr/lib/jvm/default/bin:/usr/bin/site_perl:/usr/bin/vendor_perl:/usr/bin/core_perl:/usr/local/go_appengine:/usr/local/go/bin:/home/fsm/go/bin:/home/fsm/sublime:/home/fsm/.gem/ruby/2.2.0/bin
10 verbose lifecycle sia-react@0.0.1~lint: CWD: /mnt/SSD0/Projects/sia-react
11 silly lifecycle sia-react@0.0.1~lint: Args: [ '-c',
11 silly lifecycle   'eslint ./test ./src && sass-lint ./src/renderer/styles/*' ]
12 silly lifecycle sia-react@0.0.1~lint: Returned: code: 1  signal: null
13 info lifecycle sia-react@0.0.1~lint: Failed to exec lint script
14 verbose stack Error: sia-react@0.0.1 lint: `eslint ./test ./src && sass-lint ./src/renderer/styles/*`
14 verbose stack Exit status 1
14 verbose stack     at EventEmitter.<anonymous> (/usr/lib/node_modules/npm/lib/utils/lifecycle.js:239:16)
14 verbose stack     at emitTwo (events.js:100:13)
14 verbose stack     at EventEmitter.emit (events.js:185:7)
14 verbose stack     at ChildProcess.<anonymous> (/usr/lib/node_modules/npm/lib/utils/spawn.js:24:14)
14 verbose stack     at emitTwo (events.js:100:13)
14 verbose stack     at ChildProcess.emit (events.js:185:7)
14 verbose stack     at maybeClose (internal/child_process.js:827:16)
14 verbose stack     at Process.ChildProcess._handle.onexit (internal/child_process.js:211:5)
15 verbose pkgid sia-react@0.0.1
16 verbose cwd /mnt/SSD0/Projects/sia-react/src/renderer/styles
17 error Linux 4.4.1-2-ARCH
18 error argv "/usr/bin/node" "/usr/bin/npm" "run" "lint"
19 error node v5.6.0
20 error npm  v3.7.1
21 error code ELIFECYCLE
22 error sia-react@0.0.1 lint: `eslint ./test ./src && sass-lint ./src/renderer/styles/*`
22 error Exit status 1
23 error Failed at the sia-react@0.0.1 lint script 'eslint ./test ./src && sass-lint ./src/renderer/styles/*'.
23 error Make sure you have the latest version of node.js and npm installed.
23 error If you do, this is most likely a problem with the sia-react package,
23 error not with npm itself.
23 error Tell the author that this fails on your system:
23 error     eslint ./test ./src && sass-lint ./src/renderer/styles/*
23 error You can get information on how to open an issue for this project with:
23 error     npm bugs sia-react
23 error Or if that isn't available, you can get their info via:
23 error     npm owner ls sia-react
23 error There is likely additional logging output above.
24 verbose exit [ 1, true ]
